<?xml version="1.0" encoding="UTF-8"?>
<testsuite xmlns:xsi="http://www.w3.org/2001/XMLSchema-instance" xsi:noNamespaceSchemaLocation="https://maven.apache.org/surefire/maven-surefire-plugin/xsd/surefire-test-report.xsd" name="solutiontest.MergeIntervallsTest" time="0.131" tests="7" errors="0" skipped="0" failures="0">
  <properties>
    <property name="java.specification.version" value="14"/>
    <property name="sun.cpu.isalist" value="amd64"/>
    <property name="sun.jnu.encoding" value="Cp1252"/>
    <property name="java.class.path" value="C:\Users\Johannes\git\CodingTask2\target\test-classes;C:\Users\Johannes\git\CodingTask2\target\classes;C:\Users\Johannes\.m2\repository\junit\junit\4.11\junit-4.11.jar;C:\Users\Johannes\.m2\repository\org\hamcrest\hamcrest-core\1.3\hamcrest-core-1.3.jar;"/>
    <property name="java.vm.vendor" value="Oracle Corporation"/>
    <property name="sun.arch.data.model" value="64"/>
    <property name="user.variant" value=""/>
    <property name="java.vendor.url" value="https://java.oracle.com/"/>
    <property name="user.timezone" value="Europe/Berlin"/>
    <property name="os.name" value="Windows 10"/>
    <property name="java.vm.specification.version" value="14"/>
    <property name="sun.java.launcher" value="SUN_STANDARD"/>
    <property name="user.country" value="DE"/>
    <property name="sun.boot.library.path" value="C:\Program Files\Java\jdk-14.0.2\bin"/>
    <property name="sun.java.command" value="C:\Users\Johannes\AppData\Local\Temp\surefire6700781960045795598\surefirebooter5012144428986458322.jar C:\Users\Johannes\AppData\Local\Temp\surefire6700781960045795598 2021-04-15T11-25-50_078-jvmRun1 surefire5190340239169597729tmp surefire_017267420460409793594tmp"/>
    <property name="jdk.debug" value="release"/>
    <property name="surefire.test.class.path" value="C:\Users\Johannes\git\CodingTask2\target\test-classes;C:\Users\Johannes\git\CodingTask2\target\classes;C:\Users\Johannes\.m2\repository\junit\junit\4.11\junit-4.11.jar;C:\Users\Johannes\.m2\repository\org\hamcrest\hamcrest-core\1.3\hamcrest-core-1.3.jar;"/>
    <property name="sun.cpu.endian" value="little"/>
    <property name="user.home" value="C:\Users\Johannes"/>
    <property name="user.language" value="de"/>
    <property name="java.specification.vendor" value="Oracle Corporation"/>
    <property name="java.version.date" value="2020-07-14"/>
    <property name="java.home" value="C:\Program Files\Java\jdk-14.0.2"/>
    <property name="file.separator" value="\"/>
    <property name="basedir" value="C:\Users\Johannes\git\CodingTask2"/>
    <property name="java.vm.compressedOopsMode" value="Zero based"/>
    <property name="line.separator" value="&#10;"/>
    <property name="java.vm.specification.vendor" value="Oracle Corporation"/>
    <property name="java.specification.name" value="Java Platform API Specification"/>
    <property name="surefire.real.class.path" value="C:\Users\Johannes\AppData\Local\Temp\surefire6700781960045795598\surefirebooter5012144428986458322.jar"/>
    <property name="user.script" value=""/>
    <property name="sun.management.compiler" value="HotSpot 64-Bit Tiered Compilers"/>
    <property name="java.runtime.version" value="14.0.2+12-46"/>
    <property name="user.name" value="Johannes"/>
    <property name="path.separator" value=";"/>
    <property name="os.version" value="10.0"/>
    <property name="java.runtime.name" value="Java(TM) SE Runtime Environment"/>
    <property name="file.encoding" value="Cp1252"/>
    <property name="java.vm.name" value="Java HotSpot(TM) 64-Bit Server VM"/>
    <property name="localRepository" value="C:\Users\Johannes\.m2\repository"/>
    <property name="java.vendor.url.bug" value="https://bugreport.java.com/bugreport/"/>
    <property name="java.io.tmpdir" value="C:\Users\Johannes\AppData\Local\Temp\"/>
    <property name="java.version" value="14.0.2"/>
    <property name="user.dir" value="C:\Users\Johannes\git\CodingTask2"/>
    <property name="os.arch" value="amd64"/>
    <property name="java.vm.specification.name" value="Java Virtual Machine Specification"/>
    <property name="sun.os.patch.level" value=""/>
    <property name="java.library.path" value="C:\Program Files\Java\jdk-14.0.2\bin;C:\WINDOWS\Sun\Java\bin;C:\WINDOWS\system32;C:\WINDOWS;C:\Python39\Scripts\;C:\Python39\;C:\Users\Johannes\AppData\Local\Programs\Python\Python38\Scripts\;C:\Users\Johannes\AppData\Local\Programs\Python\Python38\;C:\oraclexe\app\oracle\product\11.2.0\server\bin;C:\Program Files (x86)\PerkinElmerInformatics\ChemOffice2016\ChemScript\Lib;C:\Program Files\Intel\iCLS Client\;C:\WINDOWS\system32;C:\WINDOWS;C:\WINDOWS\System32\Wbem;C:\WINDOWS\System32\WindowsPowerShell\v1.0\;C:\WINDOWS\System32\OpenSSH\;C:\Program Files\Intel\WiFi\bin\;C:\Program Files\Common Files\Intel\WirelessCommon\;C:\Program Files\PuTTY\;C:\Program Files\Java\jdk-14.0.2\bin;C:\Program Files\Git\cmd;C:\ProgramData\chocolatey\bin;C:\Go\bin;C:\Program Files\nodejs\;C:\Users\Johannes\apache-maven-3.6.3\bin;C:\Program Files (x86)\Intel\Intel(R) Management Engine Components\DAL;C:\Program Files\Intel\Intel(R) Management Engine Components\DAL;C:\Program Files\Docker\Docker\resources\bin;C:\ProgramData\DockerDesktop\version-bin;C:\Users\Johannes\AppData\Local\Microsoft\WindowsApps;C:\Users\Johannes\AppData\Local\Programs\Microsoft VS Code\bin;C:\Users\Johannes\go\bin;C:\Users\Johannes\AppData\Roaming\npm;."/>
    <property name="java.vm.info" value="mixed mode, sharing"/>
    <property name="java.vendor" value="Oracle Corporation"/>
    <property name="java.vm.version" value="14.0.2+12-46"/>
    <property name="sun.io.unicode.encoding" value="UnicodeLittle"/>
    <property name="java.class.version" value="58.0"/>
  </properties>
  <testcase name="assertEmptyArrayIsReturnedIfEmptyArrayIsProvided" classname="solutiontest.MergeIntervallsTest" time="0.016"/>
  <testcase name="assertCorrectResultForFurtherIntervallsNoOverlap" classname="solutiontest.MergeIntervallsTest" time="0.001"/>
  <testcase name="assertCorrectResultForFurtherIntervallsZeroValue" classname="solutiontest.MergeIntervallsTest" time="0"/>
  <testcase name="assertCorrectResultForFurtherIntervalls" classname="solutiontest.MergeIntervallsTest" time="0"/>
  <testcase name="assertCorrectResultForFurtherIntervallsNullValues" classname="solutiontest.MergeIntervallsTest" time="0.001"/>
  <testcase name="assertCorrectResultForGivenExample" classname="solutiontest.MergeIntervallsTest" time="0.001"/>
  <testcase name="assertCorrectResultForFurtherIntervallsNegativeValues" classname="solutiontest.MergeIntervallsTest" time="0"/>
</testsuite>